

Processing HomeController#index (for 127.0.0.1 at 2010-03-24 16:05:53) [GET]

ActionController::UnknownAction (No action responded to index. Actions: ):
  /opt/local/lib/ruby/1.8/webrick/httpserver.rb:104:in `service'
  /opt/local/lib/ruby/1.8/webrick/httpserver.rb:65:in `run'
  /opt/local/lib/ruby/1.8/webrick/server.rb:173:in `start_thread'
  /opt/local/lib/ruby/1.8/webrick/server.rb:162:in `start'
  /opt/local/lib/ruby/1.8/webrick/server.rb:162:in `start_thread'
  /opt/local/lib/ruby/1.8/webrick/server.rb:95:in `start'
  /opt/local/lib/ruby/1.8/webrick/server.rb:92:in `each'
  /opt/local/lib/ruby/1.8/webrick/server.rb:92:in `start'
  /opt/local/lib/ruby/1.8/webrick/server.rb:23:in `start'
  /opt/local/lib/ruby/1.8/webrick/server.rb:82:in `start'

Rendering rescues/layout (not_found)


Processing HomeController#index (for 127.0.0.1 at 2010-03-24 16:06:07) [GET]

ActionController::UnknownAction (No action responded to index. Actions: ):
  /opt/local/lib/ruby/1.8/webrick/httpserver.rb:104:in `service'
  /opt/local/lib/ruby/1.8/webrick/httpserver.rb:65:in `run'
  /opt/local/lib/ruby/1.8/webrick/server.rb:173:in `start_thread'
  /opt/local/lib/ruby/1.8/webrick/server.rb:162:in `start'
  /opt/local/lib/ruby/1.8/webrick/server.rb:162:in `start_thread'
  /opt/local/lib/ruby/1.8/webrick/server.rb:95:in `start'
  /opt/local/lib/ruby/1.8/webrick/server.rb:92:in `each'
  /opt/local/lib/ruby/1.8/webrick/server.rb:92:in `start'
  /opt/local/lib/ruby/1.8/webrick/server.rb:23:in `start'
  /opt/local/lib/ruby/1.8/webrick/server.rb:82:in `start'

Rendering rescues/layout (not_found)


Processing HomeController#index (for 127.0.0.1 at 2010-03-24 16:06:26) [GET]

ActionView::MissingTemplate (Missing template home/index.erb in view path app/views):
  /opt/local/lib/ruby/1.8/webrick/httpserver.rb:104:in `service'
  /opt/local/lib/ruby/1.8/webrick/httpserver.rb:65:in `run'
  /opt/local/lib/ruby/1.8/webrick/server.rb:173:in `start_thread'
  /opt/local/lib/ruby/1.8/webrick/server.rb:162:in `start'
  /opt/local/lib/ruby/1.8/webrick/server.rb:162:in `start_thread'
  /opt/local/lib/ruby/1.8/webrick/server.rb:95:in `start'
  /opt/local/lib/ruby/1.8/webrick/server.rb:92:in `each'
  /opt/local/lib/ruby/1.8/webrick/server.rb:92:in `start'
  /opt/local/lib/ruby/1.8/webrick/server.rb:23:in `start'
  /opt/local/lib/ruby/1.8/webrick/server.rb:82:in `start'

Rendering rescues/layout (internal_server_error)


Processing HomeController#index (for 127.0.0.1 at 2010-03-24 16:08:13) [GET]
Rendering template within layouts/home
Rendering home/index
Completed in 47ms (View: 46 | 200 OK [http://localhost/]


Processing ApplicationController#index (for 127.0.0.1 at 2010-03-24 16:08:13) [GET]

ActionController::RoutingError (No route matches "/processing-0.6.js" with {:method=>:get}):
  /opt/local/lib/ruby/1.8/webrick/httpserver.rb:104:in `service'
  /opt/local/lib/ruby/1.8/webrick/httpserver.rb:65:in `run'
  /opt/local/lib/ruby/1.8/webrick/server.rb:173:in `start_thread'
  /opt/local/lib/ruby/1.8/webrick/server.rb:162:in `start'
  /opt/local/lib/ruby/1.8/webrick/server.rb:162:in `start_thread'
  /opt/local/lib/ruby/1.8/webrick/server.rb:95:in `start'
  /opt/local/lib/ruby/1.8/webrick/server.rb:92:in `each'
  /opt/local/lib/ruby/1.8/webrick/server.rb:92:in `start'
  /opt/local/lib/ruby/1.8/webrick/server.rb:23:in `start'
  /opt/local/lib/ruby/1.8/webrick/server.rb:82:in `start'

Rendering rescues/layout (not_found)


Processing HomeController#index (for 127.0.0.1 at 2010-03-24 16:09:51) [GET]
Rendering template within layouts/home
Rendering home/index
Completed in 6ms (View: 5 | 200 OK [http://localhost/]


Processing ApplicationController#index (for 127.0.0.1 at 2010-03-24 16:09:51) [GET]

ActionController::RoutingError (No route matches "/processing-0.6.js" with {:method=>:get}):
  /opt/local/lib/ruby/1.8/webrick/httpserver.rb:104:in `service'
  /opt/local/lib/ruby/1.8/webrick/httpserver.rb:65:in `run'
  /opt/local/lib/ruby/1.8/webrick/server.rb:173:in `start_thread'
  /opt/local/lib/ruby/1.8/webrick/server.rb:162:in `start'
  /opt/local/lib/ruby/1.8/webrick/server.rb:162:in `start_thread'
  /opt/local/lib/ruby/1.8/webrick/server.rb:95:in `start'
  /opt/local/lib/ruby/1.8/webrick/server.rb:92:in `each'
  /opt/local/lib/ruby/1.8/webrick/server.rb:92:in `start'
  /opt/local/lib/ruby/1.8/webrick/server.rb:23:in `start'
  /opt/local/lib/ruby/1.8/webrick/server.rb:82:in `start'

Rendering rescues/layout (not_found)


Processing ApplicationController#index (for 127.0.0.1 at 2010-03-24 16:09:51) [GET]

ActionController::RoutingError (No route matches "/javascript/init.js" with {:method=>:get}):
  /opt/local/lib/ruby/1.8/webrick/httpserver.rb:104:in `service'
  /opt/local/lib/ruby/1.8/webrick/httpserver.rb:65:in `run'
  /opt/local/lib/ruby/1.8/webrick/server.rb:173:in `start_thread'
  /opt/local/lib/ruby/1.8/webrick/server.rb:162:in `start'
  /opt/local/lib/ruby/1.8/webrick/server.rb:162:in `start_thread'
  /opt/local/lib/ruby/1.8/webrick/server.rb:95:in `start'
  /opt/local/lib/ruby/1.8/webrick/server.rb:92:in `each'
  /opt/local/lib/ruby/1.8/webrick/server.rb:92:in `start'
  /opt/local/lib/ruby/1.8/webrick/server.rb:23:in `start'
  /opt/local/lib/ruby/1.8/webrick/server.rb:82:in `start'

Rendering rescues/layout (not_found)


Processing ApplicationController#index (for 127.0.0.1 at 2010-03-24 16:09:51) [GET]

ActionController::RoutingError (No route matches "/javascript/init.js" with {:method=>:get}):
  /opt/local/lib/ruby/1.8/webrick/httpserver.rb:104:in `service'
  /opt/local/lib/ruby/1.8/webrick/httpserver.rb:65:in `run'
  /opt/local/lib/ruby/1.8/webrick/server.rb:173:in `start_thread'
  /opt/local/lib/ruby/1.8/webrick/server.rb:162:in `start'
  /opt/local/lib/ruby/1.8/webrick/server.rb:162:in `start_thread'
  /opt/local/lib/ruby/1.8/webrick/server.rb:95:in `start'
  /opt/local/lib/ruby/1.8/webrick/server.rb:92:in `each'
  /opt/local/lib/ruby/1.8/webrick/server.rb:92:in `start'
  /opt/local/lib/ruby/1.8/webrick/server.rb:23:in `start'
  /opt/local/lib/ruby/1.8/webrick/server.rb:82:in `start'

Rendering rescues/layout (not_found)


Processing HomeController#index (for 127.0.0.1 at 2010-03-24 16:12:59) [GET]
Rendering template within layouts/home
Rendering home/index
Completed in 6ms (View: 5 | 200 OK [http://localhost/]


Processing ApplicationController#index (for 127.0.0.1 at 2010-03-24 16:12:59) [GET]

ActionController::RoutingError (No route matches "/processing-0.6.js" with {:method=>:get}):
  /opt/local/lib/ruby/1.8/webrick/httpserver.rb:104:in `service'
  /opt/local/lib/ruby/1.8/webrick/httpserver.rb:65:in `run'
  /opt/local/lib/ruby/1.8/webrick/server.rb:173:in `start_thread'
  /opt/local/lib/ruby/1.8/webrick/server.rb:162:in `start'
  /opt/local/lib/ruby/1.8/webrick/server.rb:162:in `start_thread'
  /opt/local/lib/ruby/1.8/webrick/server.rb:95:in `start'
  /opt/local/lib/ruby/1.8/webrick/server.rb:92:in `each'
  /opt/local/lib/ruby/1.8/webrick/server.rb:92:in `start'
  /opt/local/lib/ruby/1.8/webrick/server.rb:23:in `start'
  /opt/local/lib/ruby/1.8/webrick/server.rb:82:in `start'

Rendering rescues/layout (not_found)


Processing HomeController#index (for 127.0.0.1 at 2010-03-24 16:20:33) [GET]
Rendering template within layouts/home
Rendering home/index
Completed in 5ms (View: 4 | 200 OK [http://localhost/]


Processing HomeController#index (for 127.0.0.1 at 2010-03-24 16:21:29) [GET]
Rendering template within layouts/home
Rendering home/index
Completed in 4ms (View: 1 | 200 OK [http://localhost/]


Processing HomeController#index (for 127.0.0.1 at 2010-03-24 16:24:29) [GET]
Rendering template within layouts/home
Rendering home/index
Completed in 2ms (View: 1 | 200 OK [http://localhost/]


Processing HomeController#index (for 127.0.0.1 at 2010-03-24 16:34:46) [GET]
Rendering template within layouts/home
Rendering home/index
Completed in 8ms (View: 7 | 200 OK [http://localhost/]


Processing HomeController#index (for 127.0.0.1 at 2010-03-24 16:37:44) [GET]
Rendering template within layouts/home
Rendering home/index
Completed in 5ms (View: 4 | 200 OK [http://localhost/]


Processing HomeController#index (for 127.0.0.1 at 2010-03-24 16:39:16) [GET]
Rendering template within layouts/home
Rendering home/index
Completed in 6ms (View: 4 | 200 OK [http://localhost/]


Processing HomeController#index (for 127.0.0.1 at 2010-03-24 16:43:28) [GET]
Rendering template within layouts/home
Rendering home/index
Completed in 45ms (View: 2 | 200 OK [http://localhost/]


Processing HomeController#index (for 127.0.0.1 at 2010-03-24 16:45:37) [GET]
Rendering template within layouts/home
Rendering home/index
Completed in 7ms (View: 6 | 200 OK [http://localhost/]


Processing HomeController#index (for 127.0.0.1 at 2010-03-24 16:45:52) [GET]
Rendering template within layouts/home
Rendering home/index
Completed in 7ms (View: 6 | 200 OK [http://localhost/]


Processing HomeController#index (for 127.0.0.1 at 2010-03-24 16:46:10) [GET]
Rendering template within layouts/home
Rendering home/index
Completed in 5ms (View: 4 | 200 OK [http://localhost/]


Processing HomeController#index (for 127.0.0.1 at 2010-03-24 16:46:29) [GET]
Rendering template within layouts/home
Rendering home/index
Completed in 6ms (View: 4 | 200 OK [http://localhost/]


Processing HomeController#index (for 127.0.0.1 at 2010-03-24 17:24:30) [GET]
Rendering template within layouts/home
Rendering home/index
Completed in 2ms (View: 1 | 200 OK [http://localhost/]


Processing HomeController#index (for 127.0.0.1 at 2010-03-24 17:26:12) [GET]
Rendering template within layouts/home
Rendering home/index
Completed in 7ms (View: 6 | 200 OK [http://localhost/]


Processing HomeController#index (for 127.0.0.1 at 2010-03-24 17:27:48) [GET]
Rendering template within layouts/home
Rendering home/index
Completed in 2ms (View: 1 | 200 OK [http://localhost/]


Processing HomeController#index (for 127.0.0.1 at 2010-03-24 17:28:06) [GET]
Rendering template within layouts/home
Rendering home/index
Completed in 2ms (View: 1 | 200 OK [http://localhost/]


Processing HomeController#index (for 127.0.0.1 at 2010-03-24 17:28:26) [GET]
Rendering template within layouts/home
Rendering home/index
Completed in 2ms (View: 1 | 200 OK [http://localhost/]


Processing HomeController#index (for 127.0.0.1 at 2010-03-24 17:28:35) [GET]
Rendering template within layouts/home
Rendering home/index
Completed in 3ms (View: 1 | 200 OK [http://localhost/]


Processing HomeController#index (for 127.0.0.1 at 2010-03-24 17:29:05) [GET]
Rendering template within layouts/home
Rendering home/index
Completed in 2ms (View: 1 | 200 OK [http://localhost/]


Processing HomeController#index (for 127.0.0.1 at 2010-03-24 17:30:54) [GET]
Rendering template within layouts/home
Rendering home/index
Completed in 2ms (View: 1 | 200 OK [http://localhost/]


Processing HomeController#index (for 127.0.0.1 at 2010-03-24 17:31:11) [GET]
Rendering template within layouts/home
Rendering home/index
Completed in 2ms (View: 1 | 200 OK [http://localhost/]


Processing HomeController#index (for 127.0.0.1 at 2010-03-24 17:33:13) [GET]
Rendering template within layouts/home
Rendering home/index
Completed in 7ms (View: 6 | 200 OK [http://localhost/]


Processing HomeController#index (for 127.0.0.1 at 2010-03-24 17:33:49) [GET]
Rendering template within layouts/home
Rendering home/index
Completed in 2ms (View: 1 | 200 OK [http://localhost/]


Processing HomeController#index (for 127.0.0.1 at 2010-03-24 17:51:19) [GET]
Rendering template within layouts/home
Rendering home/index
Completed in 2ms (View: 1 | 200 OK [http://localhost/]


Processing HomeController#index (for 127.0.0.1 at 2010-03-24 17:51:41) [GET]
Rendering template within layouts/home
Rendering home/index
Completed in 2ms (View: 1 | 200 OK [http://localhost/]


Processing HomeController#index (for 127.0.0.1 at 2010-03-24 17:53:28) [GET]
Rendering template within layouts/home
Rendering home/index
Completed in 3ms (View: 1 | 200 OK [http://localhost/]


Processing HomeController#index (for 127.0.0.1 at 2010-03-24 17:55:43) [GET]
Rendering template within layouts/home
Rendering home/index
Completed in 2ms (View: 1 | 200 OK [http://localhost/]


Processing HomeController#index (for 127.0.0.1 at 2010-03-24 17:59:19) [GET]
Rendering template within layouts/home
Rendering home/index
Completed in 4ms (View: 1 | 200 OK [http://localhost/]


Processing HomeController#index (for 127.0.0.1 at 2010-03-24 18:05:09) [GET]
Rendering template within layouts/home
Rendering home/index
Completed in 3ms (View: 1 | 200 OK [http://localhost/]


Processing HomeController#index (for 127.0.0.1 at 2010-03-24 18:06:28) [GET]
Rendering template within layouts/home
Rendering home/index
Completed in 4ms (View: 1 | 200 OK [http://localhost/]


Processing HomeController#index (for 127.0.0.1 at 2010-03-24 18:07:53) [GET]
Rendering template within layouts/home
Rendering home/index
Completed in 4ms (View: 1 | 200 OK [http://localhost/]


Processing HomeController#index (for 127.0.0.1 at 2010-03-24 18:08:23) [GET]
Rendering template within layouts/home
Rendering home/index
Completed in 3ms (View: 1 | 200 OK [http://localhost/]


Processing HomeController#index (for 127.0.0.1 at 2010-03-24 18:08:42) [GET]
Rendering template within layouts/home
Rendering home/index
Completed in 2ms (View: 1 | 200 OK [http://localhost/]


Processing HomeController#index (for 127.0.0.1 at 2010-03-24 18:09:16) [GET]
Rendering template within layouts/home
Rendering home/index
Completed in 3ms (View: 1 | 200 OK [http://localhost/]


Processing HomeController#index (for 127.0.0.1 at 2010-03-24 18:09:24) [GET]
Rendering template within layouts/home
Rendering home/index
Completed in 2ms (View: 1 | 200 OK [http://localhost/]


Processing HomeController#index (for 127.0.0.1 at 2010-03-24 18:10:17) [GET]
Rendering template within layouts/home
Rendering home/index
Completed in 2ms (View: 1 | 200 OK [http://localhost/]


Processing HomeController#index (for 127.0.0.1 at 2010-03-24 18:11:13) [GET]
Rendering template within layouts/home
Rendering home/index
Completed in 2ms (View: 1 | 200 OK [http://localhost/]


Processing HomeController#index (for 127.0.0.1 at 2010-03-24 18:11:38) [GET]
Rendering template within layouts/home
Rendering home/index
Completed in 2ms (View: 1 | 200 OK [http://localhost/]


Processing HomeController#index (for 127.0.0.1 at 2010-03-24 18:13:36) [GET]
Rendering template within layouts/home
Rendering home/index
Completed in 3ms (View: 1 | 200 OK [http://localhost/]


Processing HomeController#index (for 127.0.0.1 at 2010-03-24 18:13:49) [GET]
Rendering template within layouts/home
Rendering home/index
Completed in 3ms (View: 1 | 200 OK [http://localhost/]


Processing HomeController#index (for 127.0.0.1 at 2010-03-25 12:37:10) [GET]
Rendering template within layouts/home
Rendering home/index
Completed in 8ms (View: 7 | 200 OK [http://localhost/]


Processing HomeController#index (for 127.0.0.1 at 2010-03-25 12:39:12) [GET]
Rendering template within layouts/home
Rendering home/index
Completed in 2ms (View: 1 | 200 OK [http://localhost/]


Processing HomeController#index (for 127.0.0.1 at 2010-03-25 12:39:45) [GET]
Rendering template within layouts/home
Rendering home/index
Completed in 2ms (View: 1 | 200 OK [http://localhost/]


Processing HomeController#index (for 127.0.0.1 at 2010-03-25 12:41:22) [GET]
Rendering template within layouts/home
Rendering home/index
Completed in 2ms (View: 1 | 200 OK [http://localhost/]


Processing HomeController#index (for 127.0.0.1 at 2010-03-25 12:41:47) [GET]
Rendering template within layouts/home
Rendering home/index
Completed in 2ms (View: 1 | 200 OK [http://localhost/]


Processing HomeController#index (for 127.0.0.1 at 2010-03-25 12:42:36) [GET]
Rendering template within layouts/home
Rendering home/index
Completed in 2ms (View: 1 | 200 OK [http://localhost/]


Processing HomeController#index (for 127.0.0.1 at 2010-03-25 12:43:31) [GET]
Rendering template within layouts/home
Rendering home/index
Completed in 2ms (View: 1 | 200 OK [http://localhost/]


Processing HomeController#index (for 127.0.0.1 at 2010-03-25 12:44:24) [GET]
Rendering template within layouts/home
Rendering home/index
Completed in 2ms (View: 1 | 200 OK [http://localhost/]


Processing HomeController#index (for 127.0.0.1 at 2010-03-25 12:45:04) [GET]
Rendering template within layouts/home
Rendering home/index
Completed in 2ms (View: 1 | 200 OK [http://localhost/]


Processing HomeController#index (for 127.0.0.1 at 2010-03-25 12:45:20) [GET]
Rendering template within layouts/home
Rendering home/index
Completed in 2ms (View: 1 | 200 OK [http://localhost/]


Processing HomeController#index (for 127.0.0.1 at 2010-03-25 13:12:24) [GET]
Rendering template within layouts/home
Rendering home/index
Completed in 2ms (View: 1 | 200 OK [http://localhost/]


Processing HomeController#index (for 127.0.0.1 at 2010-03-25 13:16:20) [GET]
Rendering template within layouts/home
Rendering home/index
Completed in 2ms (View: 1 | 200 OK [http://localhost/]


Processing HomeController#index (for 127.0.0.1 at 2010-03-25 13:16:54) [GET]
Rendering template within layouts/home
Rendering home/index
Completed in 2ms (View: 1 | 200 OK [http://localhost/]


Processing HomeController#index (for 127.0.0.1 at 2010-03-25 13:17:44) [GET]
Rendering template within layouts/home
Rendering home/index
Completed in 2ms (View: 1 | 200 OK [http://localhost/]


Processing HomeController#index (for 127.0.0.1 at 2010-03-25 13:22:24) [GET]
Rendering template within layouts/home
Rendering home/index
Completed in 2ms (View: 1 | 200 OK [http://localhost/]


Processing HomeController#index (for 127.0.0.1 at 2010-03-25 13:46:35) [GET]
Rendering template within layouts/home
Rendering home/index
Completed in 2ms (View: 1 | 200 OK [http://localhost/]


Processing HomeController#index (for 127.0.0.1 at 2010-03-25 13:47:00) [GET]
Rendering template within layouts/home
Rendering home/index
Completed in 2ms (View: 1 | 200 OK [http://localhost/]


Processing HomeController#index (for 127.0.0.1 at 2010-03-25 13:47:23) [GET]
Rendering template within layouts/home
Rendering home/index
Completed in 2ms (View: 1 | 200 OK [http://localhost/]


Processing HomeController#index (for 127.0.0.1 at 2010-03-25 13:49:00) [GET]
Rendering template within layouts/home
Rendering home/index
Completed in 2ms (View: 1 | 200 OK [http://localhost/]


Processing HomeController#index (for 127.0.0.1 at 2010-03-25 13:49:25) [GET]
Rendering template within layouts/home
Rendering home/index
Completed in 2ms (View: 1 | 200 OK [http://localhost/]


Processing HomeController#index (for 127.0.0.1 at 2010-03-25 15:03:21) [GET]
Rendering template within layouts/home
Rendering home/index
Completed in 2ms (View: 1 | 200 OK [http://localhost/]


Processing HomeController#index (for 127.0.0.1 at 2010-03-25 15:04:29) [GET]
Rendering template within layouts/home
Rendering home/index
Completed in 2ms (View: 1 | 200 OK [http://localhost/]


Processing HomeController#index (for 127.0.0.1 at 2010-03-25 15:04:33) [GET]
Rendering template within layouts/home
Rendering home/index
Completed in 2ms (View: 1 | 200 OK [http://localhost/]


Processing HomeController#index (for 127.0.0.1 at 2010-03-25 15:06:10) [GET]
Rendering template within layouts/home
Rendering home/index
Completed in 2ms (View: 1 | 200 OK [http://localhost/]


Processing HomeController#index (for 127.0.0.1 at 2010-03-25 15:06:59) [GET]
Rendering template within layouts/home
Rendering home/index
Completed in 2ms (View: 1 | 200 OK [http://localhost/]


Processing HomeController#index (for 127.0.0.1 at 2010-03-25 15:11:18) [GET]
Rendering template within layouts/home
Rendering home/index
Completed in 2ms (View: 1 | 200 OK [http://localhost/]


Processing HomeController#index (for 127.0.0.1 at 2010-03-25 15:17:39) [GET]
Rendering template within layouts/home
Rendering home/index
Completed in 2ms (View: 1 | 200 OK [http://localhost/]


Processing HomeController#index (for 127.0.0.1 at 2010-03-25 15:18:29) [GET]
Rendering template within layouts/home
Rendering home/index
Completed in 2ms (View: 1 | 200 OK [http://localhost/]


Processing HomeController#index (for 127.0.0.1 at 2010-03-25 15:19:56) [GET]
Rendering template within layouts/home
Rendering home/index
Completed in 2ms (View: 1 | 200 OK [http://localhost/]


Processing HomeController#index (for 127.0.0.1 at 2010-03-25 15:22:11) [GET]
Rendering template within layouts/home
Rendering home/index
Completed in 3ms (View: 1 | 200 OK [http://localhost/]


Processing HomeController#index (for 127.0.0.1 at 2010-03-25 15:27:16) [GET]
Rendering template within layouts/home
Rendering home/index
Completed in 2ms (View: 1 | 200 OK [http://localhost/]


Processing HomeController#index (for 127.0.0.1 at 2010-03-25 15:28:09) [GET]
Rendering template within layouts/home
Rendering home/index
Completed in 2ms (View: 1 | 200 OK [http://localhost/]


Processing HomeController#index (for 127.0.0.1 at 2010-03-25 15:28:52) [GET]
Rendering template within layouts/home
Rendering home/index
Completed in 2ms (View: 1 | 200 OK [http://localhost/]


Processing HomeController#index (for 127.0.0.1 at 2010-03-25 15:29:11) [GET]
Rendering template within layouts/home
Rendering home/index
Completed in 3ms (View: 2 | 200 OK [http://localhost/]


Processing HomeController#index (for 127.0.0.1 at 2010-03-25 15:30:41) [GET]
Rendering template within layouts/home
Rendering home/index
Completed in 2ms (View: 1 | 200 OK [http://localhost/]


Processing HomeController#index (for 127.0.0.1 at 2010-03-25 15:33:01) [GET]
Rendering template within layouts/home
Rendering home/index
Completed in 2ms (View: 1 | 200 OK [http://localhost/]


Processing HomeController#index (for 127.0.0.1 at 2010-03-25 15:34:16) [GET]
Rendering template within layouts/home
Rendering home/index
Completed in 2ms (View: 1 | 200 OK [http://localhost/]


Processing HomeController#index (for 127.0.0.1 at 2010-03-25 15:34:49) [GET]
Rendering template within layouts/home
Rendering home/index
Completed in 4ms (View: 1 | 200 OK [http://localhost/]


Processing HomeController#index (for 127.0.0.1 at 2010-03-25 15:36:26) [GET]
Rendering template within layouts/home
Rendering home/index
Completed in 2ms (View: 1 | 200 OK [http://localhost/]


Processing HomeController#index (for 127.0.0.1 at 2010-03-25 15:39:18) [GET]
Rendering template within layouts/home
Rendering home/index
Completed in 2ms (View: 1 | 200 OK [http://localhost/]


Processing HomeController#index (for 127.0.0.1 at 2010-03-25 15:42:40) [GET]
Rendering template within layouts/home
Rendering home/index
Completed in 2ms (View: 1 | 200 OK [http://localhost/]


Processing HomeController#index (for 127.0.0.1 at 2010-03-25 15:55:04) [GET]
Rendering template within layouts/home
Rendering home/index
Completed in 4ms (View: 1 | 200 OK [http://localhost/]


Processing HomeController#index (for 127.0.0.1 at 2010-03-25 15:55:43) [GET]
Rendering template within layouts/home
Rendering home/index
Completed in 2ms (View: 1 | 200 OK [http://localhost/]


Processing HomeController#index (for 127.0.0.1 at 2010-03-25 15:56:24) [GET]
Rendering template within layouts/home
Rendering home/index
Completed in 2ms (View: 1 | 200 OK [http://localhost/]


Processing HomeController#index (for 127.0.0.1 at 2010-03-25 16:26:46) [GET]
Rendering template within layouts/home
Rendering home/index
Completed in 2ms (View: 1 | 200 OK [http://localhost/]


Processing HomeController#index (for 127.0.0.1 at 2010-03-25 16:27:15) [GET]
Rendering template within layouts/home
Rendering home/index
Completed in 2ms (View: 1 | 200 OK [http://localhost/]


Processing HomeController#index (for 127.0.0.1 at 2010-03-25 16:29:49) [GET]
Rendering template within layouts/home
Rendering home/index
Completed in 2ms (View: 1 | 200 OK [http://localhost/]


Processing HomeController#index (for 127.0.0.1 at 2010-03-25 16:36:00) [GET]
Rendering template within layouts/home
Rendering home/index
Completed in 2ms (View: 1 | 200 OK [http://localhost/]


Processing HomeController#index (for 127.0.0.1 at 2010-03-25 16:37:31) [GET]
Rendering template within layouts/home
Rendering home/index
Completed in 2ms (View: 1 | 200 OK [http://localhost/]


Processing HomeController#index (for 127.0.0.1 at 2010-03-25 16:48:15) [GET]
Rendering template within layouts/home
Rendering home/index
Completed in 3ms (View: 1 | 200 OK [http://localhost/]


Processing HomeController#index (for 127.0.0.1 at 2010-03-25 16:52:35) [GET]
Rendering template within layouts/home
Rendering home/index
Completed in 2ms (View: 1 | 200 OK [http://localhost/]


Processing HomeController#index (for 127.0.0.1 at 2010-03-25 16:52:44) [GET]
Rendering template within layouts/home
Rendering home/index
Completed in 2ms (View: 1 | 200 OK [http://localhost/]


Processing HomeController#index (for 127.0.0.1 at 2010-03-25 16:55:46) [GET]
Rendering template within layouts/home
Rendering home/index
Completed in 2ms (View: 1 | 200 OK [http://localhost/]


Processing HomeController#index (for 127.0.0.1 at 2010-03-25 16:55:59) [GET]
Rendering template within layouts/home
Rendering home/index
Completed in 2ms (View: 1 | 200 OK [http://localhost/]


Processing HomeController#index (for 127.0.0.1 at 2010-03-25 16:56:37) [GET]
Rendering template within layouts/home
Rendering home/index
Completed in 2ms (View: 1 | 200 OK [http://localhost/]


Processing HomeController#index (for 127.0.0.1 at 2010-03-25 16:57:26) [GET]
Rendering template within layouts/home
Rendering home/index
Completed in 2ms (View: 1 | 200 OK [http://localhost/]


Processing HomeController#index (for 127.0.0.1 at 2010-03-25 16:57:53) [GET]
Rendering template within layouts/home
Rendering home/index
Completed in 2ms (View: 1 | 200 OK [http://localhost/]


Processing HomeController#index (for 127.0.0.1 at 2010-03-25 17:04:14) [GET]
Rendering template within layouts/home
Rendering home/index
Completed in 2ms (View: 1 | 200 OK [http://localhost/]


Processing HomeController#index (for 127.0.0.1 at 2010-03-25 17:04:20) [GET]
Rendering template within layouts/home
Rendering home/index
Completed in 2ms (View: 1 | 200 OK [http://localhost/]


Processing HomeController#index (for 127.0.0.1 at 2010-03-25 17:05:54) [GET]
Rendering template within layouts/home
Rendering home/index
Completed in 5ms (View: 4 | 200 OK [http://localhost/]


Processing HomeController#index (for 127.0.0.1 at 2010-03-25 17:06:46) [GET]
Rendering template within layouts/home
Rendering home/index
Completed in 2ms (View: 1 | 200 OK [http://localhost/]


Processing HomeController#index (for 127.0.0.1 at 2010-03-25 17:14:24) [GET]
Rendering template within layouts/home
Rendering home/index
Completed in 2ms (View: 1 | 200 OK [http://localhost/]


Processing HomeController#index (for 127.0.0.1 at 2010-03-25 17:15:17) [GET]
Rendering template within layouts/home
Rendering home/index
Completed in 2ms (View: 1 | 200 OK [http://localhost/]


Processing HomeController#index (for 127.0.0.1 at 2010-03-25 17:15:47) [GET]
Rendering template within layouts/home
Rendering home/index
Completed in 3ms (View: 1 | 200 OK [http://localhost/]


Processing HomeController#index (for 127.0.0.1 at 2010-03-25 17:22:06) [GET]
Rendering template within layouts/home
Rendering home/index
Completed in 2ms (View: 1 | 200 OK [http://localhost/]


Processing HomeController#index (for 127.0.0.1 at 2010-03-25 17:29:18) [GET]
Rendering template within layouts/home
Rendering home/index
Completed in 2ms (View: 1 | 200 OK [http://localhost/]


Processing HomeController#index (for 127.0.0.1 at 2010-03-25 17:34:53) [GET]
Rendering template within layouts/home
Rendering home/index
Completed in 2ms (View: 1 | 200 OK [http://localhost/]


Processing HomeController#index (for 127.0.0.1 at 2010-03-25 17:35:21) [GET]
Rendering template within layouts/home
Rendering home/index
Completed in 2ms (View: 1 | 200 OK [http://localhost/]


Processing HomeController#index (for 127.0.0.1 at 2010-03-25 17:35:40) [GET]
Rendering template within layouts/home
Rendering home/index
Completed in 2ms (View: 1 | 200 OK [http://localhost/]


Processing HomeController#index (for 127.0.0.1 at 2010-03-25 17:36:33) [GET]
Rendering template within layouts/home
Rendering home/index
Completed in 2ms (View: 1 | 200 OK [http://localhost/]


Processing HomeController#index (for 127.0.0.1 at 2010-03-25 18:02:24) [GET]
Rendering template within layouts/home
Rendering home/index
Completed in 2ms (View: 1 | 200 OK [http://localhost/]


Processing HomeController#index (for 127.0.0.1 at 2010-03-25 18:07:04) [GET]
Rendering template within layouts/home
Rendering home/index
Completed in 2ms (View: 1 | 200 OK [http://localhost/]


Processing HomeController#index (for 127.0.0.1 at 2010-03-25 18:08:42) [GET]
Rendering template within layouts/home
Rendering home/index
Completed in 2ms (View: 1 | 200 OK [http://localhost/]


Processing HomeController#index (for 127.0.0.1 at 2010-03-25 18:09:42) [GET]
Rendering template within layouts/home
Rendering home/index
Completed in 2ms (View: 1 | 200 OK [http://localhost/]


Processing HomeController#index (for 127.0.0.1 at 2010-03-25 18:10:19) [GET]
Rendering template within layouts/home
Rendering home/index
Completed in 5ms (View: 4 | 200 OK [http://localhost/]


Processing HomeController#index (for 127.0.0.1 at 2010-03-25 18:27:46) [GET]
Rendering template within layouts/home
Rendering home/index
Completed in 2ms (View: 1 | 200 OK [http://localhost/]


Processing HomeController#index (for 127.0.0.1 at 2010-03-26 09:39:24) [GET]
Rendering template within layouts/home
Rendering home/index
Completed in 61ms (View: 60 | 200 OK [http://localhost/]


Processing HomeController#index (for 127.0.0.1 at 2010-03-26 14:48:27) [GET]
Rendering template within layouts/home
Rendering home/index
Completed in 6ms (View: 1 | 200 OK [http://localhost/]


Processing HomeController#index (for 127.0.0.1 at 2010-03-26 15:09:41) [GET]
Rendering template within layouts/home
Rendering home/index
Completed in 2ms (View: 1 | 200 OK [http://localhost/]


Processing HomeController#index (for 127.0.0.1 at 2010-03-26 15:10:15) [GET]
Rendering template within layouts/home
Rendering home/index
Completed in 26ms (View: 25 | 200 OK [http://localhost/]


Processing HomeController#index (for 127.0.0.1 at 2010-03-26 15:10:38) [GET]
Rendering template within layouts/home
Rendering home/index
Completed in 2ms (View: 1 | 200 OK [http://localhost/]


Processing HomeController#index (for 127.0.0.1 at 2010-03-26 15:10:49) [GET]
Rendering template within layouts/home
Rendering home/index
Completed in 2ms (View: 1 | 200 OK [http://localhost/]


Processing HomeController#index (for 127.0.0.1 at 2010-03-26 15:11:14) [GET]
Rendering template within layouts/home
Rendering home/index
Completed in 4ms (View: 3 | 200 OK [http://localhost/]


Processing HomeController#index (for 127.0.0.1 at 2010-03-26 15:11:51) [GET]
Rendering template within layouts/home
Rendering home/index
Completed in 2ms (View: 1 | 200 OK [http://localhost/]


Processing HomeController#index (for 127.0.0.1 at 2010-03-26 15:12:17) [GET]
Rendering template within layouts/home
Rendering home/index
Completed in 2ms (View: 1 | 200 OK [http://localhost/]


Processing HomeController#index (for 127.0.0.1 at 2010-03-26 15:12:57) [GET]
Rendering template within layouts/home
Rendering home/index
Completed in 2ms (View: 1 | 200 OK [http://localhost/]


Processing HomeController#index (for 127.0.0.1 at 2010-03-26 15:13:33) [GET]
Rendering template within layouts/home
Rendering home/index
Completed in 2ms (View: 1 | 200 OK [http://localhost/]


Processing HomeController#index (for 127.0.0.1 at 2010-03-26 15:34:30) [GET]
Rendering template within layouts/home
Rendering home/index
Completed in 2ms (View: 1 | 200 OK [http://localhost/]


Processing HomeController#index (for 127.0.0.1 at 2010-03-26 15:37:28) [GET]
Rendering template within layouts/home
Rendering home/index
Completed in 2ms (View: 1 | 200 OK [http://localhost/]


Processing HomeController#index (for 127.0.0.1 at 2010-03-26 15:53:10) [GET]
Rendering template within layouts/home
Rendering home/index
Completed in 3ms (View: 1 | 200 OK [http://localhost/]


Processing HomeController#index (for 127.0.0.1 at 2010-03-26 15:55:08) [GET]
Rendering template within layouts/home
Rendering home/index
Completed in 2ms (View: 1 | 200 OK [http://localhost/]


Processing HomeController#index (for 127.0.0.1 at 2010-03-26 15:55:52) [GET]
Rendering template within layouts/home
Rendering home/index
Completed in 3ms (View: 1 | 200 OK [http://localhost/]


Processing HomeController#index (for 127.0.0.1 at 2010-03-26 16:01:26) [GET]
Rendering template within layouts/home
Rendering home/index
Completed in 2ms (View: 1 | 200 OK [http://localhost/]


Processing HomeController#index (for 127.0.0.1 at 2010-03-26 16:03:41) [GET]
Rendering template within layouts/home
Rendering home/index
Completed in 2ms (View: 1 | 200 OK [http://localhost/]


Processing HomeController#index (for 127.0.0.1 at 2010-03-26 16:07:44) [GET]
Rendering template within layouts/home
Rendering home/index
Completed in 2ms (View: 1 | 200 OK [http://localhost/]


Processing HomeController#index (for 127.0.0.1 at 2010-03-26 16:11:33) [GET]
Rendering template within layouts/home
Rendering home/index
Completed in 2ms (View: 1 | 200 OK [http://localhost/]


Processing HomeController#index (for 127.0.0.1 at 2010-03-26 16:11:37) [GET]
Rendering template within layouts/home
Rendering home/index
Completed in 2ms (View: 1 | 200 OK [http://localhost/]


Processing HomeController#index (for 127.0.0.1 at 2010-03-26 16:12:40) [GET]
Rendering template within layouts/home
Rendering home/index
Completed in 2ms (View: 1 | 200 OK [http://localhost/]


Processing HomeController#index (for 127.0.0.1 at 2010-03-26 16:12:57) [GET]
Rendering template within layouts/home
Rendering home/index
Completed in 4ms (View: 1 | 200 OK [http://localhost/]


Processing HomeController#index (for 127.0.0.1 at 2010-03-26 16:16:01) [GET]
Rendering template within layouts/home
Rendering home/index
Completed in 2ms (View: 1 | 200 OK [http://localhost/]


Processing HomeController#index (for 127.0.0.1 at 2010-03-26 16:16:54) [GET]
Rendering template within layouts/home
Rendering home/index
Completed in 2ms (View: 1 | 200 OK [http://localhost/]


Processing HomeController#index (for 127.0.0.1 at 2010-03-26 16:18:34) [GET]
Rendering template within layouts/home
Rendering home/index
Completed in 2ms (View: 1 | 200 OK [http://localhost/]


Processing HomeController#index (for 127.0.0.1 at 2010-03-26 16:19:02) [GET]
Rendering template within layouts/home
Rendering home/index
Completed in 2ms (View: 1 | 200 OK [http://localhost/]


Processing HomeController#index (for 127.0.0.1 at 2010-03-26 16:20:32) [GET]
Rendering template within layouts/home
Rendering home/index
Completed in 2ms (View: 1 | 200 OK [http://localhost/]


Processing HomeController#index (for 127.0.0.1 at 2010-03-26 16:22:24) [GET]
Rendering template within layouts/home
Rendering home/index
Completed in 5ms (View: 4 | 200 OK [http://localhost/]


Processing HomeController#index (for 127.0.0.1 at 2010-03-26 16:22:58) [GET]
Rendering template within layouts/home
Rendering home/index
Completed in 6ms (View: 4 | 200 OK [http://localhost/]


Processing HomeController#index (for 127.0.0.1 at 2010-03-26 16:23:59) [GET]
Rendering template within layouts/home
Rendering home/index
Completed in 6ms (View: 5 | 200 OK [http://localhost/]


Processing HomeController#index (for 127.0.0.1 at 2010-03-26 16:26:46) [GET]
Rendering template within layouts/home
Rendering home/index
Completed in 5ms (View: 4 | 200 OK [http://localhost/]


Processing HomeController#index (for 127.0.0.1 at 2010-03-26 16:28:21) [GET]
Rendering template within layouts/home
Rendering home/index
Completed in 7ms (View: 6 | 200 OK [http://localhost/]


Processing HomeController#index (for 127.0.0.1 at 2010-03-26 16:29:05) [GET]
Rendering template within layouts/home
Rendering home/index
Completed in 6ms (View: 4 | 200 OK [http://localhost/]


Processing HomeController#index (for 127.0.0.1 at 2010-03-26 16:29:44) [GET]
Rendering template within layouts/home
Rendering home/index
Completed in 6ms (View: 4 | 200 OK [http://localhost/]


Processing HomeController#index (for 127.0.0.1 at 2010-03-26 16:29:57) [GET]
Rendering template within layouts/home
Rendering home/index
Completed in 2ms (View: 1 | 200 OK [http://localhost/]


Processing HomeController#index (for 127.0.0.1 at 2010-03-26 16:30:11) [GET]
Rendering template within layouts/home
Rendering home/index
Completed in 2ms (View: 1 | 200 OK [http://localhost/]


Processing HomeController#index (for 127.0.0.1 at 2010-03-26 16:31:20) [GET]
Rendering template within layouts/home
Rendering home/index
Completed in 6ms (View: 5 | 200 OK [http://localhost/]


Processing HomeController#index (for 127.0.0.1 at 2010-03-26 16:32:50) [GET]
Rendering template within layouts/home
Rendering home/index
Completed in 5ms (View: 4 | 200 OK [http://localhost/]


Processing HomeController#index (for 127.0.0.1 at 2010-03-26 16:34:01) [GET]
Rendering template within layouts/home
Rendering home/index
Completed in 14ms (View: 13 | 200 OK [http://localhost/]


Processing HomeController#index (for 127.0.0.1 at 2010-03-26 16:39:33) [GET]
Rendering template within layouts/home
Rendering home/index
Completed in 5ms (View: 4 | 200 OK [http://localhost/]


Processing HomeController#index (for 127.0.0.1 at 2010-03-26 16:39:43) [GET]
Rendering template within layouts/home
Rendering home/index
Completed in 6ms (View: 5 | 200 OK [http://localhost/]


Processing HomeController#index (for 127.0.0.1 at 2010-03-26 16:40:21) [GET]
Rendering template within layouts/home
Rendering home/index
Completed in 5ms (View: 4 | 200 OK [http://localhost/]


Processing HomeController#index (for 127.0.0.1 at 2010-03-26 16:40:31) [GET]
Rendering template within layouts/home
Rendering home/index
Completed in 2ms (View: 1 | 200 OK [http://localhost/]


Processing HomeController#index (for 127.0.0.1 at 2010-03-26 16:40:33) [GET]
Rendering template within layouts/home
Rendering home/index
Completed in 2ms (View: 1 | 200 OK [http://localhost/]


Processing HomeController#index (for 127.0.0.1 at 2010-03-26 16:41:07) [GET]
Rendering template within layouts/home
Rendering home/index
Completed in 40ms (View: 39 | 200 OK [http://localhost/]


Processing HomeController#index (for 127.0.0.1 at 2010-03-26 16:41:25) [GET]
Rendering template within layouts/home
Rendering home/index
Completed in 6ms (View: 4 | 200 OK [http://localhost/]


Processing HomeController#index (for 127.0.0.1 at 2010-03-26 16:47:28) [GET]
Rendering template within layouts/home
Rendering home/index
Completed in 5ms (View: 4 | 200 OK [http://localhost/]


Processing HomeController#index (for 127.0.0.1 at 2010-03-26 16:48:08) [GET]
Rendering template within layouts/home
Rendering home/index
Completed in 5ms (View: 4 | 200 OK [http://localhost/]


Processing HomeController#index (for 127.0.0.1 at 2010-03-26 16:54:00) [GET]
Rendering template within layouts/home
Rendering home/index
Completed in 5ms (View: 4 | 200 OK [http://localhost/]


Processing HomeController#index (for 127.0.0.1 at 2010-03-26 16:55:05) [GET]
Rendering template within layouts/home
Rendering home/index
Completed in 5ms (View: 4 | 200 OK [http://localhost/]


Processing HomeController#index (for 127.0.0.1 at 2010-03-26 16:59:27) [GET]
Rendering template within layouts/home
Rendering home/index
Completed in 2ms (View: 1 | 200 OK [http://localhost/]


Processing HomeController#index (for 127.0.0.1 at 2010-03-26 17:00:02) [GET]
Rendering template within layouts/home
Rendering home/index
Completed in 2ms (View: 1 | 200 OK [http://localhost/]


Processing HomeController#index (for 127.0.0.1 at 2010-03-26 17:00:32) [GET]
Rendering template within layouts/home
Rendering home/index
Completed in 2ms (View: 1 | 200 OK [http://localhost/]


Processing HomeController#index (for 127.0.0.1 at 2010-03-26 17:01:08) [GET]
Rendering template within layouts/home
Rendering home/index
Completed in 2ms (View: 1 | 200 OK [http://localhost/]


Processing HomeController#index (for 127.0.0.1 at 2010-03-26 17:11:59) [GET]
Rendering template within layouts/home
Rendering home/index
Completed in 2ms (View: 1 | 200 OK [http://localhost/]


Processing HomeController#index (for 127.0.0.1 at 2010-03-26 17:12:08) [GET]
Rendering template within layouts/home
Rendering home/index
Completed in 2ms (View: 1 | 200 OK [http://localhost/]


Processing HomeController#index (for 127.0.0.1 at 2010-03-26 17:12:19) [GET]
Rendering template within layouts/home
Rendering home/index
Completed in 2ms (View: 1 | 200 OK [http://localhost/]


Processing HomeController#index (for 127.0.0.1 at 2010-03-26 17:15:53) [GET]
Rendering template within layouts/home
Rendering home/index
Completed in 2ms (View: 1 | 200 OK [http://localhost/]


Processing HomeController#index (for 127.0.0.1 at 2010-03-26 17:18:56) [GET]
Rendering template within layouts/home
Rendering home/index
Completed in 2ms (View: 1 | 200 OK [http://localhost/]


Processing HomeController#index (for 127.0.0.1 at 2010-03-26 17:19:49) [GET]
Rendering template within layouts/home
Rendering home/index
Completed in 2ms (View: 1 | 200 OK [http://localhost/]


Processing HomeController#index (for 127.0.0.1 at 2010-03-26 17:20:44) [GET]
Rendering template within layouts/home
Rendering home/index
Completed in 2ms (View: 1 | 200 OK [http://localhost/]


Processing HomeController#index (for 127.0.0.1 at 2010-03-26 17:22:00) [GET]
Rendering template within layouts/home
Rendering home/index
Completed in 2ms (View: 1 | 200 OK [http://localhost/]


Processing HomeController#index (for 127.0.0.1 at 2010-03-26 17:24:02) [GET]
Rendering template within layouts/home
Rendering home/index
Completed in 5ms (View: 4 | 200 OK [http://localhost/]


Processing HomeController#index (for 127.0.0.1 at 2010-03-26 17:24:14) [GET]
Rendering template within layouts/home
Rendering home/index
Completed in 2ms (View: 1 | 200 OK [http://localhost/]


Processing HomeController#index (for 127.0.0.1 at 2010-03-26 17:24:17) [GET]
Rendering template within layouts/home
Rendering home/index
Completed in 2ms (View: 1 | 200 OK [http://localhost/]


Processing HomeController#index (for 127.0.0.1 at 2010-03-26 17:24:22) [GET]
Rendering template within layouts/home
Rendering home/index
Completed in 5ms (View: 4 | 200 OK [http://localhost/]


Processing HomeController#index (for 127.0.0.1 at 2010-03-26 17:24:51) [GET]
Rendering template within layouts/home
Rendering home/index
Completed in 6ms (View: 4 | 200 OK [http://localhost/]


Processing HomeController#index (for 127.0.0.1 at 2010-03-26 17:25:08) [GET]
Rendering template within layouts/home
Rendering home/index
Completed in 5ms (View: 4 | 200 OK [http://localhost/]


Processing HomeController#index (for 127.0.0.1 at 2010-03-26 17:26:03) [GET]
Rendering template within layouts/home
Rendering home/index
Completed in 6ms (View: 5 | 200 OK [http://localhost/]


Processing HomeController#index (for 127.0.0.1 at 2010-03-26 17:26:20) [GET]
Rendering template within layouts/home
Rendering home/index
Completed in 6ms (View: 4 | 200 OK [http://localhost/]


Processing HomeController#index (for 127.0.0.1 at 2010-03-26 17:26:35) [GET]
Rendering template within layouts/home
Rendering home/index
Completed in 7ms (View: 5 | 200 OK [http://localhost/]


Processing HomeController#index (for 127.0.0.1 at 2010-03-26 17:31:31) [GET]
Rendering template within layouts/home
Rendering home/index
Completed in 2ms (View: 1 | 200 OK [http://localhost/]


Processing HomeController#index (for 127.0.0.1 at 2010-03-26 17:31:44) [GET]
Rendering template within layouts/home
Rendering home/index
Completed in 2ms (View: 1 | 200 OK [http://localhost/]


Processing HomeController#index (for 127.0.0.1 at 2010-03-26 17:33:46) [GET]
Rendering template within layouts/home
Rendering home/index
Completed in 3ms (View: 1 | 200 OK [http://localhost/]


Processing HomeController#index (for 127.0.0.1 at 2010-03-26 17:34:21) [GET]
Rendering template within layouts/home
Rendering home/index
Completed in 2ms (View: 1 | 200 OK [http://localhost/]
